#
# A fatal error has been detected by the Java Runtime Environment:
#
#  EXCEPTION_ACCESS_VIOLATION (0xc0000005) at pc=0x00007ffa2c672042, pid=15920, tid=16048
#
# JRE version: OpenJDK Runtime Environment Temurin-21.0.3+9 (21.0.3+9) (build 21.0.3+9-LTS)
# Java VM: OpenJDK 64-Bit Server VM Temurin-21.0.3+9 (21.0.3+9-LTS, mixed mode, tiered, compressed oops, compressed class ptrs, g1 gc, windows-amd64)
# Problematic frame:
# V  [jvm.dll+0x1e2042]
#
# No core dump will be written. Minidumps are not enabled by default on client versions of Windows
#
# If you would like to submit a bug report, please visit:
#   https://github.com/adoptium/adoptium-support/issues
#

---------------  S U M M A R Y ------------

Command Line: -Dfile.encoding=UTF-8 -Dstdout.encoding=UTF-8 -Dstderr.encoding=UTF-8 -XX:+ShowCodeDetailsInExceptionMessages com.aurionpro.loan.LoanApplication

Host: 11th Gen Intel(R) Core(TM) i5-1135G7 @ 2.40GHz, 5 cores, 31G,  Windows 10 , 64 bit Build 19041 (10.0.19041.5198)
Time: Sat Dec 28 13:53:07 2024 India Standard Time elapsed time: 8.471061 seconds (0d 0h 0m 8s)

---------------  T H R E A D  ---------------

Current thread (0x000001858c2e0c60):  JavaThread "C2 CompilerThread1" daemon [_thread_in_native, id=16048, stack(0x00000013e6b00000,0x00000013e6c00000) (1024K)]


Current CompileTask:
C2:   8471 7727 % !   4       org.springframework.beans.factory.support.DefaultListableBeanFactory::doGetBeanNamesForType @ 20 (505 bytes)

Stack: [0x00000013e6b00000,0x00000013e6c00000],  sp=0x00000013e6bfcb90,  free space=1010k
Native frames: (J=compiled Java code, j=interpreted, Vv=VM code, C=native code)
V  [jvm.dll+0x1e2042]
V  [jvm.dll+0x37efc6]
V  [jvm.dll+0x37e40a]
V  [jvm.dll+0x2469c0]
V  [jvm.dll+0x245f9f]
V  [jvm.dll+0x1c6f4e]
V  [jvm.dll+0x255719]
V  [jvm.dll+0x253cba]
V  [jvm.dll+0x3ec1e6]
V  [jvm.dll+0x84bf8b]
V  [jvm.dll+0x6c6dcd]
C  [ucrtbase.dll+0x21bb2]
C  [KERNEL32.DLL+0x17374]
C  [ntdll.dll+0x4cc91]


siginfo: EXCEPTION_ACCESS_VIOLATION (0xc0000005), reading address 0x000000000022002c


Registers:
RAX=0x000000000021ffff, RBX=0x0000000000000002, RCX=0x0000000000220000, RDX=0x0000000000000000
RSP=0x00000013e6bfcb90, RBP=0x0000000000000000, RSI=0x00000013e6bfcd10, RDI=0x00000185915d0e10
R8 =0x0000000005555455, R9 =0x0000000000000001, R10=0x0000000000000008, R11=0x3333333333333333
R12=0x0000000000000001, R13=0x0000000000000008, R14=0x0000018590146550, R15=0x00007ffa2d0a9b00
RIP=0x00007ffa2c672042, EFLAGS=0x0000000000010203


Register to memory mapping:

RAX=0x000000000021ffff is an unknown value
RBX=0x0000000000000002 is an unknown value
RCX=2228224 is a compressed pointer to class: 0x0000000800220000
RDX=0x0 is null
RSP=0x00000013e6bfcb90 is pointing into the stack for thread: 0x000001858c2e0c60
RBP=0x0 is null
RSI=0x00000013e6bfcd10 is pointing into the stack for thread: 0x000001858c2e0c60
RDI=0x00000185915d0e10 points into unknown readable memory: 0x0000000000110000 | 00 00 11 00 00 00 00 00
R8 =0x0000000005555455 is an unknown value
R9 =0x0000000000000001 is an unknown value
R10=0x0000000000000008 is an unknown value
R11=0x3333333333333333 is an unknown value
R12=0x0000000000000001 is an unknown value
R13=0x0000000000000008 is an unknown value
R14=0x0000018590146550 points into unknown readable memory: 0x00007ffa2ce275c0 | c0 75 e2 2c fa 7f 00 00
R15=0x00007ffa2d0a9b00 jvm.dll

Top of Stack: (sp=0x00000013e6bfcb90)
0x00000013e6bfcb90:   0000000000000002 0000018590146550
0x00000013e6bfcba0:   0000000000000714 0000018596389c98
0x00000013e6bfcbb0:   0000009400000004 00007ffa00000002
0x00000013e6bfcbc0:   0000018596389c98 0000000000000000
0x00000013e6bfcbd0:   0000000000000000 0000000000000000
0x00000013e6bfcbe0:   00000000001c6020 0000018590da1970
0x00000013e6bfcbf0:   0000000000000000 0000018590da1d58
0x00000013e6bfcc00:   0000018590da1980 00000013e6bfd0f0
0x00000013e6bfcc10:   00000000000003d8 00000013e6bfcd30
0x00000013e6bfcc20:   0000000000002947 00007ffa2c80efc6
0x00000013e6bfcc30:   00000013e6bfcd10 0000000000002900
0x00000013e6bfcc40:   00000013e6bfcd01 00000185ffffffff
0x00000013e6bfcc50:   000000017fffff01 0000018502000002
0x00000013e6bfcc60:   0000000000001227 0000000000000000
0x00000013e6bfcc70:   00000000000001d3 0000000000000107
0x00000013e6bfcc80:   0000018590da1970 000001858f1d0020
0x00000013e6bfcc90:   000001858f1d77a0 000001858f1d8008
0x00000013e6bfcca0:   00000000006ca000 0000018591058580
0x00000013e6bfccb0:   0000018591062ab0 0000018591058590
0x00000013e6bfccc0:   000001858c25a600 00007ffa00000200
0x00000013e6bfccd0:   0000018596b16ef0 0000000000000200
0x00000013e6bfcce0:   000001858c25a600 0000018596bea9e0
0x00000013e6bfccf0:   00000000001ce860 0000000000000000
0x00000013e6bfcd00:   0000000000000000 0000000000000000
0x00000013e6bfcd10:   00007ffa2ce84e20 0000000000000009
0x00000013e6bfcd20:   00000013e6bfe670 0000000000000000
0x00000013e6bfcd30:   0000001300000000 0000000000000002
0x00000013e6bfcd40:   0000018590515eb0 0000000000000002
0x00000013e6bfcd50:   000001858c25a600 00000013e6bfd0f0
0x00000013e6bfcd60:   00007ffadeadbeef 00000013e6bfd300
0x00000013e6bfcd70:   00000013e6bfce48 00000013e6bfcec0
0x00000013e6bfcd80:   00000013e6bfce80 0000000000000002 

Instructions: (pc=0x00007ffa2c672042)
0x00007ffa2c671f42:   4e 08 f2 0f 10 4d 08 f2 0f 59 ce 4a 8b 14 29 48
0x00007ffa2c671f52:   8b 4e 48 44 8b 42 28 48 8b 51 78 4a 8b 0c c2 f2
0x00007ffa2c671f62:   0f 10 41 08 66 0f 2f c1 77 4b 8b 97 90 00 00 00
0x00007ffa2c671f72:   8b 87 94 00 00 00 3b d0 77 1b 0f 1f 40 00 8b ca
0x00007ffa2c671f82:   ff c2 49 8b 04 cf 48 21 44 cf 38 8b 87 94 00 00
0x00007ffa2c671f92:   00 3b d0 76 e9 41 8b 4f 58 39 8f 90 00 00 00 73
0x00007ffa2c671fa2:   06 89 8f 90 00 00 00 41 8b 4f 5c 3b c1 76 06 89
0x00007ffa2c671fb2:   8f 94 00 00 00 49 8b 46 08 4a 8b 0c 28 48 8b 01
0x00007ffa2c671fc2:   ff 50 68 8b c8 8b d8 e8 f2 41 53 00 8b d3 48 8d
0x00007ffa2c671fd2:   4f 38 0f b6 e8 e8 84 3f 53 00 84 c0 74 0a 81 8f
0x00007ffa2c671fe2:   a8 00 00 00 80 00 00 00 40 84 ed 0f 85 99 00 00
0x00007ffa2c671ff2:   00 66 83 bf 9c 00 00 00 02 75 2c f7 87 a8 00 00
0x00007ffa2c672002:   00 00 04 00 00 75 20 49 8b cf e8 2f 41 53 00 84
0x00007ffa2c672012:   c0 74 14 81 8f a8 00 00 00 00 04 00 00 81 8f a8
0x00007ffa2c672022:   00 00 00 80 00 00 00 41 8b 46 2c 83 e0 1f 3c 12
0x00007ffa2c672032:   74 58 48 8b 4f 18 48 8d 41 ff 48 83 f8 fd 77 0a
0x00007ffa2c672042:   8b 41 2c 83 e0 1f 3c 12 74 40 48 8d 4f 38 e8 eb
0x00007ffa2c672052:   40 53 00 84 c0 74 33 48 c7 87 90 00 00 00 0a 00
0x00007ffa2c672062:   00 00 0f 57 c0 0f 11 47 38 33 c9 0f 11 47 48 33
0x00007ffa2c672072:   c0 0f 11 47 58 0f 11 47 68 0f 11 47 78 48 89 87
0x00007ffa2c672082:   88 00 00 00 89 8f 98 00 00 00 48 8b 6c 24 30 48
0x00007ffa2c672092:   8b b4 24 a0 00 00 00 f2 0f 10 45 08 66 0f 2f 47
0x00007ffa2c6720a2:   10 76 05 f2 0f 11 47 10 44 8b 84 24 b8 00 00 00
0x00007ffa2c6720b2:   41 ff c4 44 0f b6 8c 24 a8 00 00 00 49 83 c5 08
0x00007ffa2c6720c2:   44 3b 64 24 28 0f 82 f3 fd ff ff 41 bd 01 00 00
0x00007ffa2c6720d2:   00 8b 44 24 20 48 c7 c7 ff ff ff ff ff c0 89 44
0x00007ffa2c6720e2:   24 20 3b 45 28 0f 82 33 fa ff ff 8b 4c 24 24 48
0x00007ffa2c6720f2:   8b 46 48 ff c1 89 4c 24 24 3b 48 40 0f 82 fc f9
0x00007ffa2c672102:   ff ff 33 ff 39 be e0 00 00 00 0f 86 85 00 00 00
0x00007ffa2c672112:   8b c7 48 69 d8 b0 00 00 00 48 8b 46 70 48 03 58
0x00007ffa2c672122:   20 0f b7 83 9c 00 00 00 83 f8 01 76 17 f7 83 a8
0x00007ffa2c672132:   00 00 00 00 04 00 00 75 0b 8b d0 48 8d 4b 38 e8 


Stack slot to memory mapping:

stack at sp + 0 slots: 0x0000000000000002 is an unknown value
stack at sp + 1 slots: 0x0000018590146550 points into unknown readable memory: 0x00007ffa2ce275c0 | c0 75 e2 2c fa 7f 00 00
stack at sp + 2 slots: 0x0000000000000714 is an unknown value
stack at sp + 3 slots: 0x0000018596389c98 points into unknown readable memory: 0x00007ffa2ce70868 | 68 08 e7 2c fa 7f 00 00
stack at sp + 4 slots: 0x0000009400000004 is an unknown value
stack at sp + 5 slots: 0x00007ffa00000002 is an unknown value
stack at sp + 6 slots: 0x0000018596389c98 points into unknown readable memory: 0x00007ffa2ce70868 | 68 08 e7 2c fa 7f 00 00
stack at sp + 7 slots: 0x0 is null


---------------  P R O C E S S  ---------------

Threads class SMR info:
_java_thread_list=0x00000185971597e0, length=32, elements={
0x000001858c0c6530, 0x000001858c0c72f0, 0x000001858c0a5b60, 0x000001858c0a65c0,
0x000001858c0a7020, 0x000001858c0a7a80, 0x000001858c0dd660, 0x000001858c0e4130,
0x000001858c199cf0, 0x000001858c198fd0, 0x000001858c2e0c60, 0x000001858c19bdc0,
0x000001858c198940, 0x000001858c19a380, 0x0000018590cdb8d0, 0x0000018590cdcc80,
0x0000018590cdd9a0, 0x0000018590cde030, 0x0000018590cdbf60, 0x0000018590cdabb0,
0x0000018590cdc5f0, 0x0000018590cd9170, 0x0000018590cda520, 0x0000018590cdb240,
0x0000018590cdd310, 0x0000018590cd70a0, 0x0000018590cde6c0, 0x0000018590cd7730,
0x0000018590cd7dc0, 0x0000018590cd8450, 0x0000018590cd9800, 0x0000018590cd8ae0
}

Java Threads: ( => current thread )
  0x000001858c0c6530 JavaThread "Reference Handler"          daemon [_thread_blocked, id=15988, stack(0x00000013e6100000,0x00000013e6200000) (1024K)]
  0x000001858c0c72f0 JavaThread "Finalizer"                  daemon [_thread_blocked, id=15992, stack(0x00000013e6200000,0x00000013e6300000) (1024K)]
  0x000001858c0a5b60 JavaThread "Signal Dispatcher"          daemon [_thread_blocked, id=15996, stack(0x00000013e6300000,0x00000013e6400000) (1024K)]
  0x000001858c0a65c0 JavaThread "Attach Listener"            daemon [_thread_blocked, id=16000, stack(0x00000013e6400000,0x00000013e6500000) (1024K)]
  0x000001858c0a7020 JavaThread "Service Thread"             daemon [_thread_blocked, id=16004, stack(0x00000013e6500000,0x00000013e6600000) (1024K)]
  0x000001858c0a7a80 JavaThread "Monitor Deflation Thread"   daemon [_thread_blocked, id=16008, stack(0x00000013e6600000,0x00000013e6700000) (1024K)]
  0x000001858c0dd660 JavaThread "C2 CompilerThread0"         daemon [_thread_in_native, id=16012, stack(0x00000013e6700000,0x00000013e6800000) (1024K)]
  0x000001858c0e4130 JavaThread "C1 CompilerThread0"         daemon [_thread_blocked, id=16016, stack(0x00000013e6800000,0x00000013e6900000) (1024K)]
  0x000001858c199cf0 JavaThread "Notification Thread"        daemon [_thread_blocked, id=16028, stack(0x00000013e6900000,0x00000013e6a00000) (1024K)]
  0x000001858c198fd0 JavaThread "Common-Cleaner"             daemon [_thread_blocked, id=16032, stack(0x00000013e6a00000,0x00000013e6b00000) (1024K)]
=>0x000001858c2e0c60 JavaThread "C2 CompilerThread1"         daemon [_thread_in_native, id=16048, stack(0x00000013e6b00000,0x00000013e6c00000) (1024K)]
  0x000001858c19bdc0 JavaThread "mysql-cj-abandoned-connection-cleanup" daemon [_thread_blocked, id=2200, stack(0x00000013e7200000,0x00000013e7300000) (1024K)]
  0x000001858c198940 JavaThread "HikariPool-1 housekeeper"   daemon [_thread_blocked, id=8700, stack(0x00000013e7400000,0x00000013e7500000) (1024K)]
  0x000001858c19a380 JavaThread "HikariPool-1 connection adder" daemon [_thread_blocked, id=12508, stack(0x00000013e7500000,0x00000013e7600000) (1024K)]
  0x0000018590cdb8d0 JavaThread "Catalina-utility-1"                [_thread_blocked, id=6084, stack(0x00000013e7600000,0x00000013e7700000) (1024K)]
  0x0000018590cdcc80 JavaThread "Catalina-utility-2"                [_thread_blocked, id=9868, stack(0x00000013e7700000,0x00000013e7800000) (1024K)]
  0x0000018590cdd9a0 JavaThread "container-0"                       [_thread_blocked, id=4488, stack(0x00000013e7800000,0x00000013e7900000) (1024K)]
  0x0000018590cde030 JavaThread "File Watcher"               daemon [_thread_blocked, id=4448, stack(0x00000013e7900000,0x00000013e7a00000) (1024K)]
  0x0000018590cdbf60 JavaThread "Live Reload Server"         daemon [_thread_in_native, id=14824, stack(0x00000013e7b00000,0x00000013e7c00000) (1024K)]
  0x0000018590cdabb0 JavaThread "http-nio-8080-exec-1"       daemon [_thread_blocked, id=14760, stack(0x00000013e7a00000,0x00000013e7b00000) (1024K)]
  0x0000018590cdc5f0 JavaThread "http-nio-8080-exec-2"       daemon [_thread_blocked, id=8072, stack(0x00000013e7c00000,0x00000013e7d00000) (1024K)]
  0x0000018590cd9170 JavaThread "http-nio-8080-exec-3"       daemon [_thread_blocked, id=6276, stack(0x00000013e7d00000,0x00000013e7e00000) (1024K)]
  0x0000018590cda520 JavaThread "http-nio-8080-exec-4"       daemon [_thread_blocked, id=5884, stack(0x00000013e7e00000,0x00000013e7f00000) (1024K)]
  0x0000018590cdb240 JavaThread "http-nio-8080-exec-5"       daemon [_thread_blocked, id=13296, stack(0x00000013e7f00000,0x00000013e8000000) (1024K)]
  0x0000018590cdd310 JavaThread "http-nio-8080-exec-6"       daemon [_thread_blocked, id=524, stack(0x00000013e8000000,0x00000013e8100000) (1024K)]
  0x0000018590cd70a0 JavaThread "http-nio-8080-exec-7"       daemon [_thread_blocked, id=4480, stack(0x00000013e8100000,0x00000013e8200000) (1024K)]
  0x0000018590cde6c0 JavaThread "http-nio-8080-exec-8"       daemon [_thread_blocked, id=14528, stack(0x00000013e8200000,0x00000013e8300000) (1024K)]
  0x0000018590cd7730 JavaThread "http-nio-8080-exec-9"       daemon [_thread_blocked, id=14560, stack(0x00000013e8300000,0x00000013e8400000) (1024K)]
  0x0000018590cd7dc0 JavaThread "http-nio-8080-exec-10"      daemon [_thread_blocked, id=14776, stack(0x00000013e8400000,0x00000013e8500000) (1024K)]
  0x0000018590cd8450 JavaThread "http-nio-8080-Poller"       daemon [_thread_in_native, id=11240, stack(0x00000013e8500000,0x00000013e8600000) (1024K)]
  0x0000018590cd9800 JavaThread "http-nio-8080-Acceptor"     daemon [_thread_in_native, id=9032, stack(0x00000013e8600000,0x00000013e8700000) (1024K)]
  0x0000018590cd8ae0 JavaThread "DestroyJavaVM"                     [_thread_blocked, id=15956, stack(0x00000013e5900000,0x00000013e5a00000) (1024K)]
Total: 32

Other Threads:
  0x000001858c0159a0 VMThread "VM Thread"                           [id=15984, stack(0x00000013e6000000,0x00000013e6100000) (1024K)]
  0x00000185fb421ee0 WatcherThread "VM Periodic Task Thread"        [id=15980, stack(0x00000013e5f00000,0x00000013e6000000) (1024K)]
  0x00000185e4749360 WorkerThread "GC Thread#0"                     [id=15960, stack(0x00000013e5a00000,0x00000013e5b00000) (1024K)]
  0x000001858cfc1830 WorkerThread "GC Thread#1"                     [id=16112, stack(0x00000013e6e00000,0x00000013e6f00000) (1024K)]
  0x000001858cfc1bd0 WorkerThread "GC Thread#2"                     [id=16116, stack(0x00000013e6f00000,0x00000013e7000000) (1024K)]
  0x000001858d0f3720 WorkerThread "GC Thread#3"                     [id=16120, stack(0x00000013e7000000,0x00000013e7100000) (1024K)]
  0x000001858d0f3ac0 WorkerThread "GC Thread#4"                     [id=16124, stack(0x00000013e7100000,0x00000013e7200000) (1024K)]
  0x00000185e475a140 ConcurrentGCThread "G1 Main Marker"            [id=15964, stack(0x00000013e5b00000,0x00000013e5c00000) (1024K)]
  0x00000185e475ac40 WorkerThread "G1 Conc#0"                       [id=15968, stack(0x00000013e5c00000,0x00000013e5d00000) (1024K)]
  0x00000185fb2f2af0 ConcurrentGCThread "G1 Refine#0"               [id=15972, stack(0x00000013e5d00000,0x00000013e5e00000) (1024K)]
  0x00000185fb2f3660 ConcurrentGCThread "G1 Service"                [id=15976, stack(0x00000013e5e00000,0x00000013e5f00000) (1024K)]
Total: 11

Threads with active compile tasks:
C2 CompilerThread0     8545 7734       4       org.springframework.beans.factory.support.AbstractBeanFactory::isTypeMatch (745 bytes)
C2 CompilerThread1     8545 7727 % !   4       org.springframework.beans.factory.support.DefaultListableBeanFactory::doGetBeanNamesForType @ 20 (505 bytes)
Total: 2

VM state: not at safepoint (normal execution)

VM Mutex/Monitor currently owned by a thread: None

Heap address: 0x0000000604000000, size: 8128 MB, Compressed Oops mode: Zero based, Oop shift amount: 3

CDS archive(s) not mapped
Compressed class space mapped at: 0x0000000800000000-0x0000000840000000, reserved size: 1073741824
Narrow klass base: 0x0000000800000000, Narrow klass shift: 0, Narrow klass range: 0x40000000

GC Precious Log:
 CardTable entry size: 512
 Card Set container configuration: InlinePtr #cards 4 size 8 Array Of Cards #cards 32 size 80 Howl #buckets 8 coarsen threshold 7372 Howl Bitmap #cards 1024 size 144 coarsen threshold 921 Card regions per heap region 1 cards per card region 8192
 CPUs: 5 total, 5 available
 Memory: 32510M
 Large Page Support: Disabled
 NUMA Support: Disabled
 Compressed Oops: Enabled (Zero based)
 Heap Region Size: 4M
 Heap Min Capacity: 8M
 Heap Initial Capacity: 508M
 Heap Max Capacity: 8128M
 Pre-touch: Disabled
 Parallel Workers: 5
 Concurrent Workers: 1
 Concurrent Refinement Workers: 5
 Periodic GC: Disabled

Heap:
 garbage-first heap   total 139264K, used 70428K [0x0000000604000000, 0x0000000800000000)
  region size 4096K, 11 young (45056K), 1 survivors (4096K)
 Metaspace       used 85420K, committed 86208K, reserved 1179648K
  class space    used 10983K, committed 11328K, reserved 1048576K

Heap Regions: E=young(eden), S=young(survivor), O=old, HS=humongous(starts), HC=humongous(continues), CS=collection set, F=free, TAMS=top-at-mark-start, PB=parsable bottom
|   0|0x0000000604000000, 0x0000000604400000, 0x0000000604400000|100%| O|  |TAMS 0x0000000604000000| PB 0x0000000604000000| Untracked 
|   1|0x0000000604400000, 0x0000000604800000, 0x0000000604800000|100%| O|  |TAMS 0x0000000604400000| PB 0x0000000604400000| Untracked 
|   2|0x0000000604800000, 0x0000000604c00000, 0x0000000604c00000|100%| O|  |TAMS 0x0000000604800000| PB 0x0000000604800000| Untracked 
|   3|0x0000000604c00000, 0x0000000605000000, 0x0000000605000000|100%| O|  |TAMS 0x0000000604c00000| PB 0x0000000604c00000| Untracked 
|   4|0x0000000605000000, 0x0000000605000000, 0x0000000605400000|  0%| F|  |TAMS 0x0000000605000000| PB 0x0000000605000000| Untracked 
|   5|0x0000000605400000, 0x0000000605800000, 0x0000000605800000|100%| O|  |TAMS 0x0000000605400000| PB 0x0000000605400000| Untracked 
|   6|0x0000000605800000, 0x0000000605c00000, 0x0000000605c00000|100%| O|  |TAMS 0x0000000605800000| PB 0x0000000605800000| Untracked 
|   7|0x0000000605c00000, 0x0000000606000000, 0x0000000606000000|100%| O|  |TAMS 0x0000000605c00000| PB 0x0000000605c00000| Untracked 
|   8|0x0000000606000000, 0x0000000606295020, 0x0000000606400000| 64%| S|CS|TAMS 0x0000000606000000| PB 0x0000000606000000| Complete 
|   9|0x0000000606400000, 0x0000000606400000, 0x0000000606800000|  0%| F|  |TAMS 0x0000000606400000| PB 0x0000000606400000| Untracked 
|  10|0x0000000606800000, 0x0000000606800000, 0x0000000606c00000|  0%| F|  |TAMS 0x0000000606800000| PB 0x0000000606800000| Untracked 
|  11|0x0000000606c00000, 0x0000000606c00000, 0x0000000607000000|  0%| F|  |TAMS 0x0000000606c00000| PB 0x0000000606c00000| Untracked 
|  12|0x0000000607000000, 0x0000000607000000, 0x0000000607400000|  0%| F|  |TAMS 0x0000000607000000| PB 0x0000000607000000| Untracked 
|  13|0x0000000607400000, 0x0000000607400000, 0x0000000607800000|  0%| F|  |TAMS 0x0000000607400000| PB 0x0000000607400000| Untracked 
|  14|0x0000000607800000, 0x0000000607800000, 0x0000000607c00000|  0%| F|  |TAMS 0x0000000607800000| PB 0x0000000607800000| Untracked 
|  15|0x0000000607c00000, 0x0000000607c00000, 0x0000000608000000|  0%| F|  |TAMS 0x0000000607c00000| PB 0x0000000607c00000| Untracked 
|  16|0x0000000608000000, 0x0000000608000000, 0x0000000608400000|  0%| F|  |TAMS 0x0000000608000000| PB 0x0000000608000000| Untracked 
|  17|0x0000000608400000, 0x0000000608400000, 0x0000000608800000|  0%| F|  |TAMS 0x0000000608400000| PB 0x0000000608400000| Untracked 
|  18|0x0000000608800000, 0x0000000608800000, 0x0000000608c00000|  0%| F|  |TAMS 0x0000000608800000| PB 0x0000000608800000| Untracked 
|  19|0x0000000608c00000, 0x0000000608c00000, 0x0000000609000000|  0%| F|  |TAMS 0x0000000608c00000| PB 0x0000000608c00000| Untracked 
|  20|0x0000000609000000, 0x0000000609000000, 0x0000000609400000|  0%| F|  |TAMS 0x0000000609000000| PB 0x0000000609000000| Untracked 
|  21|0x0000000609400000, 0x0000000609400000, 0x0000000609800000|  0%| F|  |TAMS 0x0000000609400000| PB 0x0000000609400000| Untracked 
|  22|0x0000000609800000, 0x0000000609800000, 0x0000000609c00000|  0%| F|  |TAMS 0x0000000609800000| PB 0x0000000609800000| Untracked 
|  23|0x0000000609c00000, 0x0000000609d71278, 0x000000060a000000| 36%| E|  |TAMS 0x0000000609c00000| PB 0x0000000609c00000| Complete 
|  24|0x000000060a000000, 0x000000060a400000, 0x000000060a400000|100%| E|CS|TAMS 0x000000060a000000| PB 0x000000060a000000| Complete 
|  25|0x000000060a400000, 0x000000060a800000, 0x000000060a800000|100%| E|CS|TAMS 0x000000060a400000| PB 0x000000060a400000| Complete 
|  26|0x000000060a800000, 0x000000060ac00000, 0x000000060ac00000|100%| E|CS|TAMS 0x000000060a800000| PB 0x000000060a800000| Complete 
|  27|0x000000060ac00000, 0x000000060b000000, 0x000000060b000000|100%| E|CS|TAMS 0x000000060ac00000| PB 0x000000060ac00000| Complete 
|  28|0x000000060b000000, 0x000000060b400000, 0x000000060b400000|100%| E|CS|TAMS 0x000000060b000000| PB 0x000000060b000000| Complete 
|  29|0x000000060b400000, 0x000000060b800000, 0x000000060b800000|100%| E|CS|TAMS 0x000000060b400000| PB 0x000000060b400000| Complete 
|  30|0x000000060b800000, 0x000000060bc00000, 0x000000060bc00000|100%| E|CS|TAMS 0x000000060b800000| PB 0x000000060b800000| Complete 
|  31|0x000000060bc00000, 0x000000060c000000, 0x000000060c000000|100%| E|CS|TAMS 0x000000060bc00000| PB 0x000000060bc00000| Complete 
| 126|0x0000000623800000, 0x0000000623c00000, 0x0000000623c00000|100%| E|CS|TAMS 0x0000000623800000| PB 0x0000000623800000| Complete 
|2031|0x00000007ffc00000, 0x00000007ffe320d0, 0x0000000800000000| 54%| O|Cm|TAMS 0x00000007ffc00000| PB 0x00000007ffc00000| Complete 

Card table byte_map: [0x00000185f8180000,0x00000185f9160000] _byte_map_base: 0x00000185f5160000

Marking Bits: (CMBitMap*) 0x00000185e4749a60
 Bits: [0x0000018580000000, 0x0000018587f00000)

Polling page: 0x00000185e2650000

Metaspace:

Usage:
  Non-class:     72.69 MB used.
      Class:     10.73 MB used.
       Both:     83.42 MB used.

Virtual space:
  Non-class space:      128.00 MB reserved,      73.12 MB ( 57%) committed,  2 nodes.
      Class space:        1.00 GB reserved,      11.06 MB (  1%) committed,  1 nodes.
             Both:        1.12 GB reserved,      84.19 MB (  7%) committed. 

Chunk freelists:
   Non-Class:  6.11 MB
       Class:  4.86 MB
        Both:  10.97 MB

MaxMetaspaceSize: unlimited
CompressedClassSpaceSize: 1.00 GB
Initial GC threshold: 21.00 MB
Current GC threshold: 136.25 MB
CDS: off
 - commit_granule_bytes: 65536.
 - commit_granule_words: 8192.
 - virtual_space_node_default_size: 8388608.
 - enlarge_chunks_in_place: 1.
 - use_allocation_guard: 0.


Internal statistics:

num_allocs_failed_limit: 14.
num_arena_births: 1036.
num_arena_deaths: 0.
num_vsnodes_births: 3.
num_vsnodes_deaths: 0.
num_space_committed: 1347.
num_space_uncommitted: 0.
num_chunks_returned_to_freelist: 14.
num_chunks_taken_from_freelist: 3795.
num_chunk_merges: 14.
num_chunk_splits: 2656.
num_chunks_enlarged: 1994.
num_inconsistent_stats: 0.

CodeHeap 'non-profiled nmethods': size=120000Kb used=4401Kb max_used=4401Kb free=115598Kb
 bounds [0x00000185efc70000, 0x00000185f00d0000, 0x00000185f71a0000]
CodeHeap 'profiled nmethods': size=120000Kb used=13058Kb max_used=13142Kb free=106941Kb
 bounds [0x00000185e81a0000, 0x00000185e8ea0000, 0x00000185ef6d0000]
CodeHeap 'non-nmethods': size=5760Kb used=1970Kb max_used=2008Kb free=3789Kb
 bounds [0x00000185ef6d0000, 0x00000185ef940000, 0x00000185efc70000]
 total_blobs=7525 nmethods=6763 adapters=665
 compilation: enabled
              stopped_count=0, restarted_count=0
 full_count=0

Compilation events (20 events):
Event: 8.424 Thread 0x000001858c0e4130 7886       2       org.springframework.context.event.EventListenerMethodProcessor$$Lambda/0x0000000800b18638::inspect (5 bytes)
Event: 8.424 Thread 0x000001858c0e4130 nmethod 7886 0x00000185e8325690 code [0x00000185e8325840, 0x00000185e83259c8]
Event: 8.424 Thread 0x000001858c0e4130 7887       2       org.springframework.context.event.EventListenerMethodProcessor::lambda$processBean$0 (10 bytes)
Event: 8.424 Thread 0x000001858c0e4130 nmethod 7887 0x00000185e85b3710 code [0x00000185e85b38c0, 0x00000185e85b3a28]
Event: 8.424 Thread 0x000001858c0e4130 7889       2       org.springframework.util.ClassUtils::getAllInterfacesForClassAsSet (6 bytes)
Event: 8.425 Thread 0x000001858c0e4130 nmethod 7889 0x00000185e8a40710 code [0x00000185e8a408c0, 0x00000185e8a409d0]
Event: 8.427 Thread 0x000001858c0e4130 7890       2       org.springframework.aop.framework.autoproxy.AutoProxyUtils::determineTargetClass (51 bytes)
Event: 8.427 Thread 0x000001858c0e4130 nmethod 7890 0x00000185e89a5310 code [0x00000185e89a5520, 0x00000185e89a59d8]
Event: 8.428 Thread 0x000001858c0e4130 7891   !   2       org.springframework.context.event.EventListenerMethodProcessor::processBean (353 bytes)
Event: 8.429 Thread 0x000001858c0e4130 nmethod 7891 0x00000185e82cad90 code [0x00000185e82cb200, 0x00000185e82cc370]
Event: 8.429 Thread 0x000001858c0e4130 7893       3       org.springframework.core.MethodIntrospector$$Lambda/0x0000000800ab5618::doWith (17 bytes)
Event: 8.429 Thread 0x000001858c0e4130 nmethod 7893 0x00000185e881d810 code [0x00000185e881d9c0, 0x00000185e881db20]
Event: 8.429 Thread 0x000001858c0e4130 7892   !   2       jdk.proxy2.$Proxy46::annotationType (29 bytes)
Event: 8.430 Thread 0x000001858c0e4130 nmethod 7892 0x00000185e8b68510 code [0x00000185e8b686e0, 0x00000185e8b68970]
Event: 8.430 Thread 0x000001858c0e4130 7894   !   2       java.util.concurrent.ConcurrentHashMap::clear (176 bytes)
Event: 8.430 Thread 0x000001858c0e4130 nmethod 7894 0x00000185e847e610 code [0x00000185e847e820, 0x00000185e847ee08]
Event: 8.437 Thread 0x000001858c0e4130 7900       1       org.apache.catalina.LifecycleState::getLifecycleEvent (5 bytes)
Event: 8.438 Thread 0x000001858c0e4130 nmethod 7900 0x00000185efda7d10 code [0x00000185efda7ea0, 0x00000185efda7f70]
Event: 8.452 Thread 0x000001858c0e4130 7901       2       java.lang.Class::getConstructor (31 bytes)
Event: 8.453 Thread 0x000001858c0e4130 nmethod 7901 0x00000185e8a25e10 code [0x00000185e8a26000, 0x00000185e8a26320]

GC Heap History (20 events):
Event: 4.836 GC heap before
{Heap before GC invocations=11 (full 0):
 garbage-first heap   total 57344K, used 42604K [0x0000000604000000, 0x0000000800000000)
  region size 4096K, 6 young (24576K), 1 survivors (4096K)
 Metaspace       used 47105K, committed 47744K, reserved 1114112K
  class space    used 5700K, committed 6016K, reserved 1048576K
}
Event: 4.839 GC heap after
{Heap after GC invocations=12 (full 0):
 garbage-first heap   total 57344K, used 23314K [0x0000000604000000, 0x0000000800000000)
  region size 4096K, 1 young (4096K), 1 survivors (4096K)
 Metaspace       used 47105K, committed 47744K, reserved 1114112K
  class space    used 5700K, committed 6016K, reserved 1048576K
}
Event: 5.456 GC heap before
{Heap before GC invocations=12 (full 0):
 garbage-first heap   total 57344K, used 47890K [0x0000000604000000, 0x0000000800000000)
  region size 4096K, 7 young (28672K), 1 survivors (4096K)
 Metaspace       used 57133K, committed 57728K, reserved 1114112K
  class space    used 6994K, committed 7296K, reserved 1048576K
}
Event: 5.460 GC heap after
{Heap after GC invocations=13 (full 0):
 garbage-first heap   total 57344K, used 25868K [0x0000000604000000, 0x0000000800000000)
  region size 4096K, 1 young (4096K), 1 survivors (4096K)
 Metaspace       used 57133K, committed 57728K, reserved 1114112K
  class space    used 6994K, committed 7296K, reserved 1048576K
}
Event: 5.651 GC heap before
{Heap before GC invocations=13 (full 0):
 garbage-first heap   total 57344K, used 29964K [0x0000000604000000, 0x0000000800000000)
  region size 4096K, 3 young (12288K), 1 survivors (4096K)
 Metaspace       used 59477K, committed 60096K, reserved 1114112K
  class space    used 7307K, committed 7616K, reserved 1048576K
}
Event: 5.654 GC heap after
{Heap after GC invocations=14 (full 0):
 garbage-first heap   total 57344K, used 26185K [0x0000000604000000, 0x0000000800000000)
  region size 4096K, 1 young (4096K), 1 survivors (4096K)
 Metaspace       used 59477K, committed 60096K, reserved 1114112K
  class space    used 7307K, committed 7616K, reserved 1048576K
}
Event: 5.951 GC heap before
{Heap before GC invocations=15 (full 0):
 garbage-first heap   total 61440K, used 42569K [0x0000000604000000, 0x0000000800000000)
  region size 4096K, 5 young (20480K), 1 survivors (4096K)
 Metaspace       used 62562K, committed 63168K, reserved 1114112K
  class space    used 7705K, committed 8000K, reserved 1048576K
}
Event: 5.953 GC heap after
{Heap after GC invocations=16 (full 0):
 garbage-first heap   total 61440K, used 27271K [0x0000000604000000, 0x0000000800000000)
  region size 4096K, 1 young (4096K), 1 survivors (4096K)
 Metaspace       used 62562K, committed 63168K, reserved 1114112K
  class space    used 7705K, committed 8000K, reserved 1048576K
}
Event: 6.296 GC heap before
{Heap before GC invocations=16 (full 0):
 garbage-first heap   total 61440K, used 47751K [0x0000000604000000, 0x0000000800000000)
  region size 4096K, 6 young (24576K), 1 survivors (4096K)
 Metaspace       used 68750K, committed 69312K, reserved 1114112K
  class space    used 8571K, committed 8832K, reserved 1048576K
}
Event: 6.302 GC heap after
{Heap after GC invocations=17 (full 0):
 garbage-first heap   total 61440K, used 27553K [0x0000000604000000, 0x0000000800000000)
  region size 4096K, 1 young (4096K), 1 survivors (4096K)
 Metaspace       used 68750K, committed 69312K, reserved 1114112K
  class space    used 8571K, committed 8832K, reserved 1048576K
}
Event: 6.624 GC heap before
{Heap before GC invocations=17 (full 0):
 garbage-first heap   total 61440K, used 52129K [0x0000000604000000, 0x0000000800000000)
  region size 4096K, 7 young (28672K), 1 survivors (4096K)
 Metaspace       used 72135K, committed 72768K, reserved 1114112K
  class space    used 9130K, committed 9408K, reserved 1048576K
}
Event: 6.627 GC heap after
{Heap after GC invocations=18 (full 0):
 garbage-first heap   total 61440K, used 28310K [0x0000000604000000, 0x0000000800000000)
  region size 4096K, 1 young (4096K), 1 survivors (4096K)
 Metaspace       used 72135K, committed 72768K, reserved 1114112K
  class space    used 9130K, committed 9408K, reserved 1048576K
}
Event: 6.983 GC heap before
{Heap before GC invocations=18 (full 0):
 garbage-first heap   total 61440K, used 48790K [0x0000000604000000, 0x0000000800000000)
  region size 4096K, 6 young (24576K), 1 survivors (4096K)
 Metaspace       used 76623K, committed 77312K, reserved 1179648K
  class space    used 9700K, committed 9984K, reserved 1048576K
}
Event: 6.987 GC heap after
{Heap after GC invocations=19 (full 0):
 garbage-first heap   total 61440K, used 29906K [0x0000000604000000, 0x0000000800000000)
  region size 4096K, 1 young (4096K), 1 survivors (4096K)
 Metaspace       used 76623K, committed 77312K, reserved 1179648K
  class space    used 9700K, committed 9984K, reserved 1048576K
}
Event: 7.355 GC heap before
{Heap before GC invocations=20 (full 0):
 garbage-first heap   total 61440K, used 50386K [0x0000000604000000, 0x0000000800000000)
  region size 4096K, 6 young (24576K), 1 survivors (4096K)
 Metaspace       used 79291K, committed 80000K, reserved 1179648K
  class space    used 10143K, committed 10432K, reserved 1048576K
}
Event: 7.359 GC heap after
{Heap after GC invocations=21 (full 0):
 garbage-first heap   total 61440K, used 31600K [0x0000000604000000, 0x0000000800000000)
  region size 4096K, 1 young (4096K), 1 survivors (4096K)
 Metaspace       used 79291K, committed 80000K, reserved 1179648K
  class space    used 10143K, committed 10432K, reserved 1048576K
}
Event: 7.588 GC heap before
{Heap before GC invocations=21 (full 0):
 garbage-first heap   total 61440K, used 52080K [0x0000000604000000, 0x0000000800000000)
  region size 4096K, 6 young (24576K), 1 survivors (4096K)
 Metaspace       used 80697K, committed 81408K, reserved 1179648K
  class space    used 10309K, committed 10624K, reserved 1048576K
}
Event: 7.596 GC heap after
{Heap after GC invocations=22 (full 0):
 garbage-first heap   total 65536K, used 32025K [0x0000000604000000, 0x0000000800000000)
  region size 4096K, 1 young (4096K), 1 survivors (4096K)
 Metaspace       used 80697K, committed 81408K, reserved 1179648K
  class space    used 10309K, committed 10624K, reserved 1048576K
}
Event: 7.872 GC heap before
{Heap before GC invocations=22 (full 0):
 garbage-first heap   total 65536K, used 52505K [0x0000000604000000, 0x0000000800000000)
  region size 4096K, 6 young (24576K), 1 survivors (4096K)
 Metaspace       used 82711K, committed 83456K, reserved 1179648K
  class space    used 10578K, committed 10944K, reserved 1048576K
}
Event: 7.878 GC heap after
{Heap after GC invocations=23 (full 0):
 garbage-first heap   total 294912K, used 33564K [0x0000000604000000, 0x0000000800000000)
  region size 4096K, 1 young (4096K), 1 survivors (4096K)
 Metaspace       used 82711K, committed 83456K, reserved 1179648K
  class space    used 10578K, committed 10944K, reserved 1048576K
}

Dll operation events (11 events):
Event: 0.011 Loaded shared library D:\Fresher Soft\spring-tool-suite-4-4.23.1.RELEASE-e4.32.0-win32.win32.x86_64.self-extracting\contents\sts-4.23.1.RELEASE\plugins\org.eclipse.justj.openjdk.hotspot.jre.full.win32.x86_64_21.0.3.v20240426-1530\jre\bin\java.dll
Event: 0.019 Loaded shared library D:\Fresher Soft\spring-tool-suite-4-4.23.1.RELEASE-e4.32.0-win32.win32.x86_64.self-extracting\contents\sts-4.23.1.RELEASE\plugins\org.eclipse.justj.openjdk.hotspot.jre.full.win32.x86_64_21.0.3.v20240426-1530\jre\bin\zip.dll
Event: 0.168 Loaded shared library D:\Fresher Soft\spring-tool-suite-4-4.23.1.RELEASE-e4.32.0-win32.win32.x86_64.self-extracting\contents\sts-4.23.1.RELEASE\plugins\org.eclipse.justj.openjdk.hotspot.jre.full.win32.x86_64_21.0.3.v20240426-1530\jre\bin\net.dll
Event: 0.174 Loaded shared library D:\Fresher Soft\spring-tool-suite-4-4.23.1.RELEASE-e4.32.0-win32.win32.x86_64.self-extracting\contents\sts-4.23.1.RELEASE\plugins\org.eclipse.justj.openjdk.hotspot.jre.full.win32.x86_64_21.0.3.v20240426-1530\jre\bin\nio.dll
Event: 0.185 Loaded shared library D:\Fresher Soft\spring-tool-suite-4-4.23.1.RELEASE-e4.32.0-win32.win32.x86_64.self-extracting\contents\sts-4.23.1.RELEASE\plugins\org.eclipse.justj.openjdk.hotspot.jre.full.win32.x86_64_21.0.3.v20240426-1530\jre\bin\zip.dll
Event: 0.321 Loaded shared library D:\Fresher Soft\spring-tool-suite-4-4.23.1.RELEASE-e4.32.0-win32.win32.x86_64.self-extracting\contents\sts-4.23.1.RELEASE\plugins\org.eclipse.justj.openjdk.hotspot.jre.full.win32.x86_64_21.0.3.v20240426-1530\jre\bin\jimage.dll
Event: 0.613 Loaded shared library D:\Fresher Soft\spring-tool-suite-4-4.23.1.RELEASE-e4.32.0-win32.win32.x86_64.self-extracting\contents\sts-4.23.1.RELEASE\plugins\org.eclipse.justj.openjdk.hotspot.jre.full.win32.x86_64_21.0.3.v20240426-1530\jre\bin\management.dll
Event: 0.617 Loaded shared library D:\Fresher Soft\spring-tool-suite-4-4.23.1.RELEASE-e4.32.0-win32.win32.x86_64.self-extracting\contents\sts-4.23.1.RELEASE\plugins\org.eclipse.justj.openjdk.hotspot.jre.full.win32.x86_64_21.0.3.v20240426-1530\jre\bin\management_ext.dl
Event: 1.887 Loaded shared library D:\Fresher Soft\spring-tool-suite-4-4.23.1.RELEASE-e4.32.0-win32.win32.x86_64.self-extracting\contents\sts-4.23.1.RELEASE\plugins\org.eclipse.justj.openjdk.hotspot.jre.full.win32.x86_64_21.0.3.v20240426-1530\jre\bin\sunmscapi.dll
Event: 4.885 Loaded shared library D:\Fresher Soft\spring-tool-suite-4-4.23.1.RELEASE-e4.32.0-win32.win32.x86_64.self-extracting\contents\sts-4.23.1.RELEASE\plugins\org.eclipse.justj.openjdk.hotspot.jre.full.win32.x86_64_21.0.3.v20240426-1530\jre\bin\verify.dll
Event: 5.178 Loaded shared library D:\Fresher Soft\spring-tool-suite-4-4.23.1.RELEASE-e4.32.0-win32.win32.x86_64.self-extracting\contents\sts-4.23.1.RELEASE\plugins\org.eclipse.justj.openjdk.hotspot.jre.full.win32.x86_64_21.0.3.v20240426-1530\jre\bin\extnet.dll

Deoptimization events (20 events):
Event: 8.220 Thread 0x000001858c19aa10 Uncommon trap: trap_request=0xffffffde fr.pc=0x00000185efcf7880 relative=0x00000000000001a0
Event: 8.220 Thread 0x000001858c19aa10 Uncommon trap: reason=class_check action=maybe_recompile pc=0x00000185efcf7880 method=org.springframework.boot.context.properties.source.ConfigurationPropertyName$Elements.charAt(II)C @ 43 c2
Event: 8.220 Thread 0x000001858c19aa10 DEOPT PACKING pc=0x00000185efcf7880 sp=0x00000013e6dfb9e0
Event: 8.220 Thread 0x000001858c19aa10 DEOPT UNPACKING pc=0x00000185ef727da2 sp=0x00000013e6dfb958 mode 2
Event: 8.332 Thread 0x000001858c19aa10 Uncommon trap: trap_request=0xffffff45 fr.pc=0x00000185efdeb2c0 relative=0x0000000000000260
Event: 8.332 Thread 0x000001858c19aa10 Uncommon trap: reason=unstable_if action=reinterpret pc=0x00000185efdeb2c0 method=org.springframework.beans.factory.support.AbstractAutowireCapableBeanFactory.determineTargetType(Ljava/lang/String;Lorg/springframework/beans/factory/support/RootBeanDefinit
Event: 8.332 Thread 0x000001858c19aa10 DEOPT PACKING pc=0x00000185efdeb2c0 sp=0x00000013e6dfd610
Event: 8.332 Thread 0x000001858c19aa10 DEOPT UNPACKING pc=0x00000185ef727da2 sp=0x00000013e6dfd5c8 mode 2
Event: 8.339 Thread 0x000001858c19aa10 Uncommon trap: trap_request=0xffffff45 fr.pc=0x00000185efc9e768 relative=0x00000000000002a8
Event: 8.339 Thread 0x000001858c19aa10 Uncommon trap: reason=unstable_if action=reinterpret pc=0x00000185efc9e768 method=java.lang.String.hashCode()I @ 20 c2
Event: 8.339 Thread 0x000001858c19aa10 DEOPT PACKING pc=0x00000185efc9e768 sp=0x00000013e6dfc990
Event: 8.340 Thread 0x000001858c19aa10 DEOPT UNPACKING pc=0x00000185ef727da2 sp=0x00000013e6dfc920 mode 2
Event: 8.357 Thread 0x000001858c19aa10 Uncommon trap: trap_request=0xffffffc6 fr.pc=0x00000185efcfb8e8 relative=0x0000000000000328
Event: 8.357 Thread 0x000001858c19aa10 Uncommon trap: reason=bimorphic_or_optimized_type_check action=maybe_recompile pc=0x00000185efcfb8e8 method=java.util.stream.AbstractPipeline.spliterator()Ljava/util/Spliterator; @ 112 c2
Event: 8.357 Thread 0x000001858c19aa10 DEOPT PACKING pc=0x00000185efcfb8e8 sp=0x00000013e6dfd710
Event: 8.357 Thread 0x000001858c19aa10 DEOPT UNPACKING pc=0x00000185ef727da2 sp=0x00000013e6dfd6b8 mode 2
Event: 8.434 Thread 0x000001858c19aa10 Uncommon trap: trap_request=0xffffff45 fr.pc=0x00000185efd03f3c relative=0x00000000000000fc
Event: 8.434 Thread 0x000001858c19aa10 Uncommon trap: reason=unstable_if action=reinterpret pc=0x00000185efd03f3c method=java.lang.ref.ReferenceQueue.poll()Ljava/lang/ref/Reference; @ 4 c2
Event: 8.434 Thread 0x000001858c19aa10 DEOPT PACKING pc=0x00000185efd03f3c sp=0x00000013e6dfe700
Event: 8.434 Thread 0x000001858c19aa10 DEOPT UNPACKING pc=0x00000185ef727da2 sp=0x00000013e6dfe5c8 mode 2

Classes loaded (20 events):
Event: 8.451 Loading class java/nio/channels/spi/AbstractSelector
Event: 8.451 Loading class java/nio/channels/spi/AbstractSelector done
Event: 8.451 Loading class sun/nio/ch/SelectorImpl done
Event: 8.451 Loading class sun/nio/ch/WEPollSelectorImpl done
Event: 8.451 Loading class sun/nio/ch/Util$2
Event: 8.452 Loading class sun/nio/ch/Util$2 done
Event: 8.452 Loading class sun/nio/ch/WEPoll
Event: 8.452 Loading class sun/nio/ch/WEPoll done
Event: 8.452 Loading class sun/nio/ch/PipeImpl
Event: 8.452 Loading class java/nio/channels/Pipe
Event: 8.452 Loading class java/nio/channels/Pipe done
Event: 8.452 Loading class sun/nio/ch/PipeImpl done
Event: 8.452 Loading class sun/nio/ch/PipeImpl$Initializer
Event: 8.452 Loading class sun/nio/ch/PipeImpl$Initializer done
Event: 8.452 Loading class sun/nio/ch/PipeImpl$Initializer$LoopbackConnector
Event: 8.452 Loading class sun/nio/ch/PipeImpl$Initializer$LoopbackConnector done
Event: 8.452 Loading class sun/nio/ch/UnixDomainSockets
Event: 8.453 Loading class sun/nio/ch/UnixDomainSockets done
Event: 8.453 Loading class sun/nio/ch/UnixDomainSocketsUtil
Event: 8.453 Loading class sun/nio/ch/UnixDomainSocketsUtil done

Classes unloaded (0 events):
No events

Classes redefined (0 events):
No events

Internal exceptions (20 events):
Event: 6.837 Thread 0x000001858c19aa10 Exception <a 'java/lang/NoSuchMethodError'{0x000000060734b4a0}: 'java.lang.Object java.lang.invoke.DirectMethodHandle$Holder.invokeSpecial(java.lang.Object, java.lang.Object, int, java.lang.Object, int)'> (0x000000060734b4a0) 
thrown [s\src\hotspot\share\interpreter\linkResolver.cpp, line 773]
Event: 6.929 Thread 0x000001858c19aa10 Implicit null exception at 0x00000185eff0f1fc to 0x00000185eff10d34
Event: 6.934 Thread 0x000001858c19aa10 Exception <a 'java/lang/IncompatibleClassChangeError'{0x00000006068d15c0}: Found class java.lang.Object, but interface was expected> (0x00000006068d15c0) 
thrown [s\src\hotspot\share\interpreter\linkResolver.cpp, line 840]
Event: 6.951 Thread 0x000001858c19aa10 Implicit null exception at 0x00000185efcfd177 to 0x00000185efcfd3e0
Event: 6.962 Thread 0x000001858c19aa10 Exception <a 'java/lang/IncompatibleClassChangeError'{0x0000000606ab5f28}: Found class java.lang.Object, but interface was expected> (0x0000000606ab5f28) 
thrown [s\src\hotspot\share\interpreter\linkResolver.cpp, line 840]
Event: 7.133 Thread 0x000001858c19aa10 Exception <a 'java/lang/IncompatibleClassChangeError'{0x000000062329acb0}: Found class java.lang.Object, but interface was expected> (0x000000062329acb0) 
thrown [s\src\hotspot\share\interpreter\linkResolver.cpp, line 840]
Event: 7.197 Thread 0x000001858c19aa10 Exception <a 'java/lang/IncompatibleClassChangeError'{0x0000000607147e30}: Found class java.lang.Object, but interface was expected> (0x0000000607147e30) 
thrown [s\src\hotspot\share\interpreter\linkResolver.cpp, line 840]
Event: 7.198 Thread 0x000001858c19aa10 Exception <a 'java/lang/IncompatibleClassChangeError'{0x000000060714d638}: Found class java.lang.Object, but interface was expected> (0x000000060714d638) 
thrown [s\src\hotspot\share\interpreter\linkResolver.cpp, line 840]
Event: 7.286 Thread 0x000001858c19aa10 Exception <a 'java/lang/NoSuchMethodError'{0x0000000606f03358}: 'long java.lang.invoke.DirectMethodHandle$Holder.invokeVirtual(java.lang.Object, java.lang.Object)'> (0x0000000606f03358) 
thrown [s\src\hotspot\share\interpreter\linkResolver.cpp, line 773]
Event: 7.290 Thread 0x000001858c19aa10 Exception <a 'java/io/FileNotFoundException'{0x0000000606f2b420}> (0x0000000606f2b420) 
thrown [s\src\hotspot\share\prims\jni.cpp, line 520]
Event: 7.510 Thread 0x000001858c19aa10 Exception <a 'java/lang/NoSuchMethodError'{0x0000000606dd9fd8}: 'int java.lang.invoke.DirectMethodHandle$Holder.invokeStaticInit(java.lang.Object, int, java.lang.Object, java.lang.Object, java.lang.Object, java.lang.Object)'> (0x0000000606dd9fd8) 
thrown [s\src\hotspot\share\interpreter\linkResolver.cpp, line 773]
Event: 7.663 Thread 0x000001858c19aa10 Exception <a 'java/lang/NoSuchMethodError'{0x0000000623069578}: 'java.lang.Object java.lang.invoke.DirectMethodHandle$Holder.newInvokeSpecial(java.lang.Object, java.lang.Object, java.lang.Object, java.lang.Object, java.lang.Object, java.lang.Object, java.lang.Object, java.lang.Object)'> (0x0000000623069578) 
thrown [s\src\hotspot\share\interpreter\linkResolver.cpp, line 773]
Event: 7.955 Thread 0x000001858c19aa10 Exception <a 'java/lang/IncompatibleClassChangeError'{0x000000060bc4da58}: Found class java.lang.Object, but interface was expected> (0x000000060bc4da58) 
thrown [s\src\hotspot\share\interpreter\linkResolver.cpp, line 840]
Event: 8.057 Thread 0x000001858c19aa10 Exception <a 'java/lang/NoSuchMethodError'{0x000000060baecde0}: 'java.lang.Object java.lang.invoke.DirectMethodHandle$Holder.invokeInterface(java.lang.Object, java.lang.Object, java.lang.Object, java.lang.Object)'> (0x000000060baecde0) 
thrown [s\src\hotspot\share\interpreter\linkResolver.cpp, line 773]
Event: 8.118 Thread 0x000001858c19aa10 Exception <a 'java/lang/NoSuchMethodError'{0x000000060b5bc330}: 'void java.lang.invoke.DirectMethodHandle$Holder.invokeVirtual(java.lang.Object, java.lang.Object, long)'> (0x000000060b5bc330) 
thrown [s\src\hotspot\share\interpreter\linkResolver.cpp, line 773]
Event: 8.172 Thread 0x000001858c19aa10 Exception <a 'java/lang/NoSuchMethodError'{0x000000060b0ba950}: 'int java.lang.invoke.DirectMethodHandle$Holder.invokeStaticInit(java.lang.Object, java.lang.Object, java.lang.Object, java.lang.Object)'> (0x000000060b0ba950) 
thrown [s\src\hotspot\share\interpreter\linkResolver.cpp, line 773]
Event: 8.204 Thread 0x000001858c19aa10 Exception <a 'java/lang/NoSuchMethodError'{0x000000060b2cfdf8}: 'java.lang.Object java.lang.invoke.Invokers$Holder.invoke_MT(java.lang.Object, java.lang.Object, java.lang.Object, java.lang.Object, java.lang.Object, java.lang.Object, java.lang.Object, java.lang.Object, java.lang.Object)'> (0x000000060b2cfdf8) 
thrown [s\src\hotspot\share\interpreter\linkResolver.cpp, line 773]
Event: 8.225 Thread 0x000001858c19aa10 Exception <a 'java/lang/IncompatibleClassChangeError'{0x000000060b3dcdc0}: Found class java.lang.Object, but interface was expected> (0x000000060b3dcdc0) 
thrown [s\src\hotspot\share\interpreter\linkResolver.cpp, line 840]
Event: 8.280 Thread 0x000001858c19aa10 Exception <a 'java/lang/NoSuchMethodError'{0x000000060afbcc60}: 'java.lang.Object java.lang.invoke.Invokers$Holder.invoke_MT(java.lang.Object, java.lang.Object, java.lang.Object, java.lang.Object, java.lang.Object, java.lang.Object, java.lang.Object, java.lang.Object, java.lang.Object, java.lang.Object, java.lang.Object)'> (0x000000060afbcc60) 
thrown [s\src\hotspot\share\interpreter\linkResolver.cpp, line 773]
Event: 8.435 Thread 0x000001858c19aa10 Exception <a 'java/lang/NoSuchMethodError'{0x000000060a7c77b8}: 'java.lang.Object java.lang.invoke.DirectMethodHandle$Holder.newInvokeSpecial(java.lang.Object, java.lang.Object, int, java.lang.Object, java.lang.Object)'> (0x000000060a7c77b8) 
thrown [s\src\hotspot\share\interpreter\linkResolver.cpp, line 773]

ZGC Phase Switch (0 events):
No events

VM Operations (20 events):
Event: 7.508 Executing VM operation: HandshakeAllThreads (Deoptimize)
Event: 7.508 Executing VM operation: HandshakeAllThreads (Deoptimize) done
Event: 7.587 Executing VM operation: G1CollectForAllocation (G1 Evacuation Pause)
Event: 7.596 Executing VM operation: G1CollectForAllocation (G1 Evacuation Pause) done
Event: 7.772 Executing VM operation: HandshakeAllThreads (Deoptimize)
Event: 7.772 Executing VM operation: HandshakeAllThreads (Deoptimize) done
Event: 7.802 Executing VM operation: HandshakeAllThreads (Deoptimize)
Event: 7.802 Executing VM operation: HandshakeAllThreads (Deoptimize) done
Event: 7.803 Executing VM operation: HandshakeAllThreads (Deoptimize)
Event: 7.803 Executing VM operation: HandshakeAllThreads (Deoptimize) done
Event: 7.872 Executing VM operation: G1CollectForAllocation (G1 Evacuation Pause)
Event: 7.879 Executing VM operation: G1CollectForAllocation (G1 Evacuation Pause) done
Event: 7.939 Executing VM operation: G1PauseRemark
Event: 7.943 Executing VM operation: G1PauseRemark done
Event: 7.961 Executing VM operation: G1PauseCleanup
Event: 7.961 Executing VM operation: G1PauseCleanup done
Event: 8.142 Executing VM operation: HandshakeAllThreads (Deoptimize)
Event: 8.142 Executing VM operation: HandshakeAllThreads (Deoptimize) done
Event: 8.434 Executing VM operation: HandshakeAllThreads (Deoptimize)
Event: 8.434 Executing VM operation: HandshakeAllThreads (Deoptimize) done

Events (20 events):
Event: 7.943 Thread 0x000001858c0159a0 flushing nmethod 0x00000185efd95b10
Event: 7.943 Thread 0x000001858c0159a0 flushing nmethod 0x00000185efd86910
Event: 7.943 Thread 0x000001858c0159a0 flushing nmethod 0x00000185efcd5390
Event: 7.943 Thread 0x000001858c0159a0 flushing nmethod 0x00000185efcfce90
Event: 7.943 Thread 0x000001858c0159a0 flushing nmethod 0x00000185efcf1b10
Event: 7.943 Thread 0x000001858c0159a0 flushing nmethod 0x00000185efc7c290
Event: 8.405 Thread 0x0000018590cde030 Thread added: 0x0000018590cde030
Event: 8.412 Thread 0x0000018590cd9170 Thread added: 0x0000018590cd9170
Event: 8.412 Thread 0x0000018590cd9170 Thread exited: 0x0000018590cd9170
Event: 8.412 Thread 0x0000018590cdbf60 Thread added: 0x0000018590cdbf60
Event: 8.446 Thread 0x0000018590cdabb0 Thread added: 0x0000018590cdabb0
Event: 8.446 Thread 0x0000018590cdc5f0 Thread added: 0x0000018590cdc5f0
Event: 8.446 Thread 0x0000018590cd9170 Thread added: 0x0000018590cd9170
Event: 8.446 Thread 0x0000018590cda520 Thread added: 0x0000018590cda520
Event: 8.446 Thread 0x0000018590cdb240 Thread added: 0x0000018590cdb240
Event: 8.446 Thread 0x0000018590cdd310 Thread added: 0x0000018590cdd310
Event: 8.446 Thread 0x0000018590cd70a0 Thread added: 0x0000018590cd70a0
Event: 8.446 Thread 0x0000018590cde6c0 Thread added: 0x0000018590cde6c0
Event: 8.447 Thread 0x0000018590cd7730 Thread added: 0x0000018590cd7730
Event: 8.447 Thread 0x0000018590cd7dc0 Thread added: 0x0000018590cd7dc0


Dynamic libraries:
0x00007ff7c0ba0000 - 0x00007ff7c0bae000 	D:\Fresher Soft\spring-tool-suite-4-4.23.1.RELEASE-e4.32.0-win32.win32.x86_64.self-extracting\contents\sts-4.23.1.RELEASE\plugins\org.eclipse.justj.openjdk.hotspot.jre.full.win32.x86_64_21.0.3.v20240426-1530\jre\bin\javaw.exe
0x00007ffab6d50000 - 0x00007ffab6f48000 	C:\Windows\SYSTEM32\ntdll.dll
0x00007ffab62e0000 - 0x00007ffab63a2000 	C:\Windows\System32\KERNEL32.DLL
0x00007ffab4960000 - 0x00007ffab4c5e000 	C:\Windows\System32\KERNELBASE.dll
0x00007ffab3be0000 - 0x00007ffab3d2c000 	C:\Windows\system32\hmpalert.dll
0x00007ffab4690000 - 0x00007ffab4790000 	C:\Windows\System32\ucrtbase.dll
0x00007ffaa96f0000 - 0x00007ffaa9708000 	D:\Fresher Soft\spring-tool-suite-4-4.23.1.RELEASE-e4.32.0-win32.win32.x86_64.self-extracting\contents\sts-4.23.1.RELEASE\plugins\org.eclipse.justj.openjdk.hotspot.jre.full.win32.x86_64_21.0.3.v20240426-1530\jre\bin\jli.dll
0x00007ffab4d70000 - 0x00007ffab4f0d000 	C:\Windows\System32\USER32.dll
0x00007ffab4d10000 - 0x00007ffab4d32000 	C:\Windows\System32\win32u.dll
0x00007ffab5e80000 - 0x00007ffab5eab000 	C:\Windows\System32\GDI32.dll
0x00007ffab44e0000 - 0x00007ffab45f7000 	C:\Windows\System32\gdi32full.dll
0x00007ffab4440000 - 0x00007ffab44dd000 	C:\Windows\System32\msvcp_win.dll
0x00007ffa85d70000 - 0x00007ffa85d8b000 	D:\Fresher Soft\spring-tool-suite-4-4.23.1.RELEASE-e4.32.0-win32.win32.x86_64.self-extracting\contents\sts-4.23.1.RELEASE\plugins\org.eclipse.justj.openjdk.hotspot.jre.full.win32.x86_64_21.0.3.v20240426-1530\jre\bin\VCRUNTIME140.dll
0x00007ffab3770000 - 0x00007ffab3a0a000 	C:\Windows\WinSxS\amd64_microsoft.windows.common-controls_6595b64144ccf1df_6.0.19041.4355_none_60b8b9eb71f62e16\COMCTL32.dll
0x00007ffab61d0000 - 0x00007ffab626e000 	C:\Windows\System32\msvcrt.dll
0x00007ffab6470000 - 0x00007ffab649f000 	C:\Windows\System32\IMM32.DLL
0x00007ffa9ac90000 - 0x00007ffa9ac9c000 	D:\Fresher Soft\spring-tool-suite-4-4.23.1.RELEASE-e4.32.0-win32.win32.x86_64.self-extracting\contents\sts-4.23.1.RELEASE\plugins\org.eclipse.justj.openjdk.hotspot.jre.full.win32.x86_64_21.0.3.v20240426-1530\jre\bin\vcruntime140_1.dll
0x00007ffa56eb0000 - 0x00007ffa56f3e000 	D:\Fresher Soft\spring-tool-suite-4-4.23.1.RELEASE-e4.32.0-win32.win32.x86_64.self-extracting\contents\sts-4.23.1.RELEASE\plugins\org.eclipse.justj.openjdk.hotspot.jre.full.win32.x86_64_21.0.3.v20240426-1530\jre\bin\msvcp140.dll
0x00007ffa2c490000 - 0x00007ffa2d212000 	D:\Fresher Soft\spring-tool-suite-4-4.23.1.RELEASE-e4.32.0-win32.win32.x86_64.self-extracting\contents\sts-4.23.1.RELEASE\plugins\org.eclipse.justj.openjdk.hotspot.jre.full.win32.x86_64_21.0.3.v20240426-1530\jre\bin\server\jvm.dll
0x00007ffab63b0000 - 0x00007ffab6461000 	C:\Windows\System32\ADVAPI32.dll
0x00007ffab4f70000 - 0x00007ffab500f000 	C:\Windows\System32\sechost.dll
0x00007ffab5010000 - 0x00007ffab5133000 	C:\Windows\System32\RPCRT4.dll
0x00007ffab4d40000 - 0x00007ffab4d67000 	C:\Windows\System32\bcrypt.dll
0x00007ffab6270000 - 0x00007ffab62db000 	C:\Windows\System32\WS2_32.dll
0x00007ffaa4470000 - 0x00007ffaa4497000 	C:\Windows\SYSTEM32\WINMM.dll
0x00007ffab40d0000 - 0x00007ffab411b000 	C:\Windows\SYSTEM32\POWRPROF.dll
0x00007ffaa96c0000 - 0x00007ffaa96ca000 	C:\Windows\SYSTEM32\VERSION.dll
0x00007ffab3bc0000 - 0x00007ffab3bd2000 	C:\Windows\SYSTEM32\UMPDC.dll
0x00007ffab2380000 - 0x00007ffab2392000 	C:\Windows\SYSTEM32\kernel.appcore.dll
0x00007ffaab4b0000 - 0x00007ffaab4ba000 	D:\Fresher Soft\spring-tool-suite-4-4.23.1.RELEASE-e4.32.0-win32.win32.x86_64.self-extracting\contents\sts-4.23.1.RELEASE\plugins\org.eclipse.justj.openjdk.hotspot.jre.full.win32.x86_64_21.0.3.v20240426-1530\jre\bin\jimage.dll
0x00007ffab3d70000 - 0x00007ffab3f54000 	C:\Windows\SYSTEM32\DBGHELP.DLL
0x00007ffab3d30000 - 0x00007ffab3d64000 	C:\Windows\SYSTEM32\dbgcore.DLL
0x00007ffab4600000 - 0x00007ffab4682000 	C:\Windows\System32\bcryptPrimitives.dll
0x00007ffaa97e0000 - 0x00007ffaa97ff000 	D:\Fresher Soft\spring-tool-suite-4-4.23.1.RELEASE-e4.32.0-win32.win32.x86_64.self-extracting\contents\sts-4.23.1.RELEASE\plugins\org.eclipse.justj.openjdk.hotspot.jre.full.win32.x86_64_21.0.3.v20240426-1530\jre\bin\java.dll
0x00007ffaa76c0000 - 0x00007ffaa76d8000 	D:\Fresher Soft\spring-tool-suite-4-4.23.1.RELEASE-e4.32.0-win32.win32.x86_64.self-extracting\contents\sts-4.23.1.RELEASE\plugins\org.eclipse.justj.openjdk.hotspot.jre.full.win32.x86_64_21.0.3.v20240426-1530\jre\bin\zip.dll
0x00007ffab6590000 - 0x00007ffab6cfd000 	C:\Windows\System32\SHELL32.dll
0x00007ffab16f0000 - 0x00007ffab1e94000 	C:\Windows\SYSTEM32\windows.storage.dll
0x00007ffab5560000 - 0x00007ffab58b3000 	C:\Windows\System32\combase.dll
0x00007ffab3600000 - 0x00007ffab362e000 	C:\Windows\SYSTEM32\Wldp.dll
0x00007ffab51f0000 - 0x00007ffab52bd000 	C:\Windows\System32\OLEAUT32.dll
0x00007ffab6000000 - 0x00007ffab60ad000 	C:\Windows\System32\SHCORE.dll
0x00007ffab4f10000 - 0x00007ffab4f65000 	C:\Windows\System32\shlwapi.dll
0x00007ffab4320000 - 0x00007ffab4344000 	C:\Windows\SYSTEM32\profapi.dll
0x00007ffaa96e0000 - 0x00007ffaa96f0000 	D:\Fresher Soft\spring-tool-suite-4-4.23.1.RELEASE-e4.32.0-win32.win32.x86_64.self-extracting\contents\sts-4.23.1.RELEASE\plugins\org.eclipse.justj.openjdk.hotspot.jre.full.win32.x86_64_21.0.3.v20240426-1530\jre\bin\net.dll
0x00007ffaacd10000 - 0x00007ffaace1d000 	C:\Windows\SYSTEM32\WINHTTP.dll
0x00007ffab3320000 - 0x00007ffab338a000 	C:\Windows\system32\mswsock.dll
0x00007ffaa7380000 - 0x00007ffaa7396000 	D:\Fresher Soft\spring-tool-suite-4-4.23.1.RELEASE-e4.32.0-win32.win32.x86_64.self-extracting\contents\sts-4.23.1.RELEASE\plugins\org.eclipse.justj.openjdk.hotspot.jre.full.win32.x86_64_21.0.3.v20240426-1530\jre\bin\nio.dll
0x00007ffa998a0000 - 0x00007ffa998aa000 	D:\Fresher Soft\spring-tool-suite-4-4.23.1.RELEASE-e4.32.0-win32.win32.x86_64.self-extracting\contents\sts-4.23.1.RELEASE\plugins\org.eclipse.justj.openjdk.hotspot.jre.full.win32.x86_64_21.0.3.v20240426-1530\jre\bin\management.dll
0x00007ffa86820000 - 0x00007ffa8682b000 	D:\Fresher Soft\spring-tool-suite-4-4.23.1.RELEASE-e4.32.0-win32.win32.x86_64.self-extracting\contents\sts-4.23.1.RELEASE\plugins\org.eclipse.justj.openjdk.hotspot.jre.full.win32.x86_64_21.0.3.v20240426-1530\jre\bin\management_ext.dll
0x00007ffab5f90000 - 0x00007ffab5f98000 	C:\Windows\System32\PSAPI.DLL
0x00007ffa9b310000 - 0x00007ffa9b31e000 	D:\Fresher Soft\spring-tool-suite-4-4.23.1.RELEASE-e4.32.0-win32.win32.x86_64.self-extracting\contents\sts-4.23.1.RELEASE\plugins\org.eclipse.justj.openjdk.hotspot.jre.full.win32.x86_64_21.0.3.v20240426-1530\jre\bin\sunmscapi.dll
0x00007ffab4790000 - 0x00007ffab48ec000 	C:\Windows\System32\CRYPT32.dll
0x00007ffab3630000 - 0x00007ffab3657000 	C:\Windows\SYSTEM32\ncrypt.dll
0x00007ffab3540000 - 0x00007ffab357b000 	C:\Windows\SYSTEM32\NTASN1.dll
0x00007ffab4160000 - 0x00007ffab4178000 	C:\Windows\SYSTEM32\CRYPTSP.dll
0x00007ffab2c40000 - 0x00007ffab2c74000 	C:\Windows\system32\rsaenh.dll
0x00007ffab42e0000 - 0x00007ffab430e000 	C:\Windows\SYSTEM32\USERENV.dll
0x00007ffab3580000 - 0x00007ffab358c000 	C:\Windows\SYSTEM32\CRYPTBASE.dll
0x00007ffab3000000 - 0x00007ffab303b000 	C:\Windows\SYSTEM32\IPHLPAPI.DLL
0x00007ffab6d00000 - 0x00007ffab6d08000 	C:\Windows\System32\NSI.dll
0x00007ffaa39d0000 - 0x00007ffaa39e0000 	D:\Fresher Soft\spring-tool-suite-4-4.23.1.RELEASE-e4.32.0-win32.win32.x86_64.self-extracting\contents\sts-4.23.1.RELEASE\plugins\org.eclipse.justj.openjdk.hotspot.jre.full.win32.x86_64_21.0.3.v20240426-1530\jre\bin\verify.dll
0x00007ffab3050000 - 0x00007ffab311a000 	C:\Windows\SYSTEM32\DNSAPI.dll
0x00007ffaa9020000 - 0x00007ffaa902a000 	C:\Windows\System32\rasadhlp.dll
0x00007ffaab970000 - 0x00007ffaab9f0000 	C:\Windows\System32\fwpuclnt.dll
0x00007ffa9a0d0000 - 0x00007ffa9a0d9000 	D:\Fresher Soft\spring-tool-suite-4-4.23.1.RELEASE-e4.32.0-win32.win32.x86_64.self-extracting\contents\sts-4.23.1.RELEASE\plugins\org.eclipse.justj.openjdk.hotspot.jre.full.win32.x86_64_21.0.3.v20240426-1530\jre\bin\extnet.dll
0x00007ffaa8860000 - 0x00007ffaa8867000 	C:\Windows\system32\wshunix.dll

dbghelp: loaded successfully - version: 4.0.5 - missing functions: none
symbol engine: initialized successfully - sym options: 0x614 - pdb path: .;D:\Fresher Soft\spring-tool-suite-4-4.23.1.RELEASE-e4.32.0-win32.win32.x86_64.self-extracting\contents\sts-4.23.1.RELEASE\plugins\org.eclipse.justj.openjdk.hotspot.jre.full.win32.x86_64_21.0.3.v20240426-1530\jre\bin;C:\Windows\SYSTEM32;C:\Windows\WinSxS\amd64_microsoft.windows.common-controls_6595b64144ccf1df_6.0.19041.4355_none_60b8b9eb71f62e16;D:\Fresher Soft\spring-tool-suite-4-4.23.1.RELEASE-e4.32.0-win32.win32.x86_64.self-extracting\contents\sts-4.23.1.RELEASE\plugins\org.eclipse.justj.openjdk.hotspot.jre.full.win32.x86_64_21.0.3.v20240426-1530\jre\bin\server

VM Arguments:
jvm_args: -Dfile.encoding=UTF-8 -Dstdout.encoding=UTF-8 -Dstderr.encoding=UTF-8 -XX:+ShowCodeDetailsInExceptionMessages 
java_command: com.aurionpro.loan.LoanApplication
java_class_path (initial): C:\Users\tausif.siddiqui\Desktop\LoanApp\LoanApplication\target\classes;C:\Users\tausif.siddiqui\.m2\repository\org\springframework\boot\spring-boot-starter-data-jpa\3.4.0\spring-boot-starter-data-jpa-3.4.0.jar;C:\Users\tausif.siddiqui\.m2\repository\org\springframework\boot\spring-boot-starter\3.4.0\spring-boot-starter-3.4.0.jar;C:\Users\tausif.siddiqui\.m2\repository\org\springframework\boot\spring-boot-starter-logging\3.4.0\spring-boot-starter-logging-3.4.0.jar;C:\Users\tausif.siddiqui\.m2\repository\ch\qos\logback\logback-classic\1.5.12\logback-classic-1.5.12.jar;C:\Users\tausif.siddiqui\.m2\repository\ch\qos\logback\logback-core\1.5.12\logback-core-1.5.12.jar;C:\Users\tausif.siddiqui\.m2\repository\org\apache\logging\log4j\log4j-to-slf4j\2.24.1\log4j-to-slf4j-2.24.1.jar;C:\Users\tausif.siddiqui\.m2\repository\org\apache\logging\log4j\log4j-api\2.24.1\log4j-api-2.24.1.jar;C:\Users\tausif.siddiqui\.m2\repository\org\slf4j\jul-to-slf4j\2.0.16\jul-to-slf4j-2.0.16.jar;C:\Users\tausif.siddiqui\.m2\repository\jakarta\annotation\jakarta.annotation-api\2.1.1\jakarta.annotation-api-2.1.1.jar;C:\Users\tausif.siddiqui\.m2\repository\org\yaml\snakeyaml\2.3\snakeyaml-2.3.jar;C:\Users\tausif.siddiqui\.m2\repository\org\springframework\boot\spring-boot-starter-jdbc\3.4.0\spring-boot-starter-jdbc-3.4.0.jar;C:\Users\tausif.siddiqui\.m2\repository\com\zaxxer\HikariCP\5.1.0\HikariCP-5.1.0.jar;C:\Users\tausif.siddiqui\.m2\repository\org\springframework\spring-jdbc\6.2.0\spring-jdbc-6.2.0.jar;C:\Users\tausif.siddiqui\.m2\repository\org\hibernate\orm\hibernate-core\6.6.2.Final\hibernate-core-6.6.2.Final.jar;C:\Users\tausif.siddiqui\.m2\repository\jakarta\persistence\jakarta.persistence-api\3.1.0\jakarta.persistence-api-3.1.0.jar;C:\Users\tausif.siddiqui\.m2\repository\jakarta\transaction\jakarta.transaction-api\2.0.1\jakarta.transaction-api-2.0.1.jar;C:\Users\tausif.siddiqui\.m2\repository\org\jboss\logging\jboss-logging\3.6.1.Final\jboss-logging-3.6.1.Final.jar;C:\Users\tausif.siddiqui\.m2\repository\org\hibernate\common\hibernate-commons-annotations\7.0.3.Final\hibernate-commons-annotations-7.0.3.Final.jar;C:\Users\tausif.siddiqui\.m2\repository\io\smallrye\jandex\3.2.0\jandex-3.2.0.jar;C:\Users\tausif.siddiqui\.m2\repository\com\fasterxml\classmate\1.7.0\classmate-1.7.0.jar;C:\Users\tausif.siddiqui\.m2\repository\net\bytebuddy\byte-buddy\1.15.10\byte-buddy-1.15.10.jar;C:\Users\tausif.siddiqui\.m2\repository\org\glassfish\jaxb\jaxb-runtime\4.0.5\jaxb-runtime-4.0.5.jar;C:\Users\tausif.siddiqui\.m2\repository\org\glassfish\jaxb\jaxb-core\4.0.5\jaxb-core-4.0.5.jar;C:\Users\tausif.siddiqui\.m2\repository\org\eclipse\angus\angus-activation\2.0.2\angus-activation-2.0.2.jar;C:\Users\tausif.siddiqui\.m2\repository\org\glassfish\jaxb\txw2\4.0.5\txw2-4.0.5.jar;C:\Users\tausif.siddiqui\.m2\repository\com\sun\istack\istack-commons-runtime\4.1.2\istack-commons-runtime-4.1.2.jar;C:\Users\tausif.siddiqui\.m2\repository\jakarta\inject\jakarta.inject-api\2.0.1\jakarta.inject-api-2.0.1.jar;C:\Users\tausif.siddiqui\.m2\repository\org\antlr\antlr4-runtime\4.13.0\antlr4-runtime-4.13.0.jar;C:\Users\tausif.siddiqui\.m2\repository\org\springframework\data\spring-data-jpa\3.4.0\spring-data-jpa-3.4.0.jar;C:\Users\tausif.siddiqui\.m2\repository\org\springframework\data\spring-data-commons\3.4.0\spring-data-commons-3.4.0.jar;C:\Users\tausif.siddiqui\.m2\repository\org\springframework\spring-orm\6.2.0\spring-orm-6.2.0.jar;C:\Users\tausif.siddiqui\.m2\repository\org\springframework\spring-context\6.2.0\spring-context-6.2.0.jar;C:\Users\tausif.siddiqui\.m2\repository\org\springframework\spring-tx\6.2.0\spring-tx-6.2.0.jar;C:\Users\tausif.siddiqui\.m2\repository\org\springframework\spring-beans\6.2.0\spring-beans-6.2.0.jar;C:\Users\tausif.siddiqui\.m2\repository\org\slf4j\slf4j-api\2.0.16\slf4j-api-2.0.16.jar;C:\Users\tausif.siddiqui\.m2\repository\org\springframework\spring-aspects\6.2.0\spring-aspects-6.2.0.jar;C:\Users\tausif.siddiqui\.m2\repository\org\aspectj\aspectjweaver\1.9.22.1\aspectjweaver-1.9.22.1.jar;C:\Users\tausif.siddiqui\.m2\repository\org\springframework\boot\spring-boot-starter-validation\3.4.0\spring-boot-starter-validation-3.4.0.jar;C:\Users\tausif.siddiqui\.m2\repository\org\apache\tomcat\embed\tomcat-embed-el\10.1.33\tomcat-embed-el-10.1.33.jar;C:\Users\tausif.siddiqui\.m2\repository\org\hibernate\validator\hibernate-validator\8.0.1.Final\hibernate-validator-8.0.1.Final.jar;C:\Users\tausif.siddiqui\.m2\repository\jakarta\validation\jakarta.validation-api\3.0.2\jakarta.validation-api-3.0.2.jar;C:\Users\tausif.siddiqui\.m2\repository\org\modelmapper\modelmapper\3.2.0\modelmapper-3.2.0.jar;C:\Users\tausif.siddiqui\.m2\repository\org\springframework\boot\spring-boot-starter-web\3.4.0\spring-boot-starter-web-3.4.0.jar;C:\Users\tausif.siddiqui\.m2\repository\org\springframework\boot\spring-boot-starter-json\3.4.0\spring-boot-starter-json-3.4.0.jar;C:\Users\tausif.siddiqui\.m2\repository\com\fasterxml\jackson\datatype\jackson-datatype-jdk8\2.18.1\jackson-datatype-jdk8-2.18.1.jar;C:\Users\tausif.siddiqui\.m2\repository\com\fasterxml\jackson\datatype\jackson-datatype-jsr310\2.18.1\jackson-datatype-jsr310-2.18.1.jar;C:\Users\tausif.siddiqui\.m2\repository\com\fasterxml\jackson\module\jackson-module-parameter-names\2.18.1\jackson-module-parameter-names-2.18.1.jar;C:\Users\tausif.siddiqui\.m2\repository\org\springframework\boot\spring-boot-starter-tomcat\3.4.0\spring-boot-starter-tomcat-3.4.0.jar;C:\Users\tausif.siddiqui\.m2\repository\org\apache\tomcat\embed\tomcat-embed-core\10.1.33\tomcat-embed-core-10.1.33.jar;C:\Users\tausif.siddiqui\.m2\repository\org\apache\tomcat\embed\tomcat-embed-websocket\10.1.33\tomcat-embed-websocket-10.1.33.jar;C:\Users\tausif.siddiqui\.m2\repository\org\springframework\spring-web\6.2.0\spring-web-6.2.0.jar;C:\Users\tausif.siddiqui\.m2\repository\io\micrometer\micrometer-observation\1.14.1\micrometer-observation-1.14.1.jar;C:\Users\tausif.siddiqui\.m2\repository\io\micrometer\micrometer-commons\1.14.1\micrometer-commons-1.14.1.jar;C:\Users\tausif.siddiqui\.m2\repository\org\springframework\spring-webmvc\6.2.0\spring-webmvc-6.2.0.jar;C:\Users\tausif.siddiqui\.m2\repository\org\springframework\spring-expression\6.2.0\spring-expression-6.2.0.jar;C:\Users\tausif.siddiqui\.m2\repository\org\springframework\boot\spring-boot-devtools\3.4.0\spring-boot-devtools-3.4.0.jar;C:\Users\tausif.siddiqui\.m2\repository\org\springframework\boot\spring-boot\3.4.0\spring-boot-3.4.0.jar;C:\Users\tausif.siddiqui\.m2\repository\org\springframework\boot\spring-boot-autoconfigure\3.4.0\spring-boot-autoconfigure-3.4.0.jar;C:\Users\tausif.siddiqui\.m2\repository\com\mysql\mysql-connector-j\9.1.0\mysql-connector-j-9.1.0.jar;C:\Users\tausif.siddiqui\.m2\repository\org\projectlombok\lombok\1.18.36\lombok-1.18.36.jar;C:\Users\tausif.siddiqui\.m2\repository\jakarta\xml\bind\jakarta.xml.bind-api\4.0.2\jakarta.xml.bind-api-4.0.2.jar;C:\Users\tausif.siddiqui\.m2\repository\jakarta\activation\jakarta.activation-api\2.1.3\jakarta.activation-api-2.1.3.jar;C:\Users\tausif.siddiqui\.m2\repository\org\springframework\spring-core\6.2.0\spring-core-6.2.0.jar;C:\Users\tausif.siddiqui\.m2\repository\org\springframework\spring-jcl\6.2.0\spring-jcl-6.2.0.jar;C:\Users\tausif.siddiqui\.m2\repository\com\cloudinary\cloudinary-http44\1.17.0\cloudinary-http44-1.17.0.jar;C:\Users\tausif.siddiqui\.m2\repository\com\cloudinary\cloudinary-core\1.17.0\cloudinary-core-1.17.0.jar;C:\Users\tausif.siddiqui\.m2\repository\org\apache\commons\commons-lang3\3.17.0\commons-lang3-3.17.0.jar;C:\Users\tausif.siddiqui\.m2\repository\org\apache\httpcomponents\httpclient\4.4\httpclient-4.4.jar;C:\Users\tausif.siddiqui\.m2\repository\org\apache\httpcomponents\httpcore\4.4.16\httpcore-4.4.16.jar;C:\Users\tausif.siddiqui\.m2\repository\commons-logging\commons-logging\1.2\commons-logging-1.2.jar;C:\Users\tausif.siddiqui\.m2\repository\commons-codec\commons-codec\1.17.1\commons-codec-1.17.1.jar;C:\Users\tausif.siddiqui\.m2\repository\org\apache\httpcomponents\httpmime\4.4\httpmime-4.4.jar;C:\Users\tausif.siddiqui\.m2\repository\org\springframework\boot\spring-boot-starter-security\3.4.0\spring-boot-starter-security-3.4.0.jar;C:\Users\tausif.siddiqui\.m2\repository\org\springframework\spring-aop\6.2.0\spring-aop-6.2.0.jar;C:\Users\tausif.siddiqui\.m2\repository\org\springframework\security\spring-security-config\6.4.1\spring-security-config-6.4.1.jar;C:\Users\tausif.siddiqui\.m2\repository\org\springframework\security\spring-security-core\6.4.1\spring-security-core-6.4.1.jar;C:\Users\tausif.siddiqui\.m2\repository\org\springframework\security\spring-security-crypto\6.4.1\spring-security-crypto-6.4.1.jar;C:\Users\tausif.siddiqui\.m2\repository\org\springframework\security\spring-security-web\6.4.1\spring-security-web-6.4.1.jar;C:\Users\tausif.siddiqui\.m2\repository\io\jsonwebtoken\jjwt-api\0.12.2\jjwt-api-0.12.2.jar;C:\Users\tausif.siddiqui\.m2\repository\io\jsonwebtoken\jjwt-impl\0.12.6\jjwt-impl-0.12.6.jar;C:\Users\tausif.siddiqui\.m2\repository\io\jsonwebtoken\jjwt-jackson\0.12.5\jjwt-jackson-0.12.5.jar;C:\Users\tausif.siddiqui\.m2\repository\com\fasterxml\jackson\core\jackson-databind\2.18.1\jackson-databind-2.18.1.jar;C:\Users\tausif.siddiqui\.m2\repository\com\fasterxml\jackson\core\jackson-annotations\2.18.1\jackson-annotations-2.18.1.jar;C:\Users\tausif.siddiqui\.m2\repository\com\fasterxml\jackson\core\jackson-core\2.18.1\jackson-core-2.18.1.jar
Launcher Type: SUN_STANDARD

[Global flags]
     intx CICompilerCount                          = 3                                         {product} {ergonomic}
     uint ConcGCThreads                            = 1                                         {product} {ergonomic}
     uint G1ConcRefinementThreads                  = 5                                         {product} {ergonomic}
   size_t G1HeapRegionSize                         = 4194304                                   {product} {ergonomic}
    uintx GCDrainStackTargetSize                   = 64                                        {product} {ergonomic}
   size_t InitialHeapSize                          = 532676608                                 {product} {ergonomic}
   size_t MarkStackSize                            = 4194304                                   {product} {ergonomic}
   size_t MaxHeapSize                              = 8522825728                                {product} {ergonomic}
   size_t MaxNewSize                               = 5112856576                                {product} {ergonomic}
   size_t MinHeapDeltaBytes                        = 4194304                                   {product} {ergonomic}
   size_t MinHeapSize                              = 8388608                                   {product} {ergonomic}
    uintx NonNMethodCodeHeapSize                   = 5832780                                {pd product} {ergonomic}
    uintx NonProfiledCodeHeapSize                  = 122912730                              {pd product} {ergonomic}
    uintx ProfiledCodeHeapSize                     = 122912730                              {pd product} {ergonomic}
    uintx ReservedCodeCacheSize                    = 251658240                              {pd product} {ergonomic}
     bool SegmentedCodeCache                       = true                                      {product} {ergonomic}
     bool ShowCodeDetailsInExceptionMessages       = true                                   {manageable} {command line}
   size_t SoftMaxHeapSize                          = 8522825728                             {manageable} {ergonomic}
     bool UseCompressedOops                        = true                           {product lp64_product} {ergonomic}
     bool UseG1GC                                  = true                                      {product} {ergonomic}
     bool UseLargePagesIndividualAllocation        = false                                  {pd product} {ergonomic}

Logging:
Log output configuration:
 #0: stdout all=warning uptime,level,tags foldmultilines=false
 #1: stderr all=off uptime,level,tags foldmultilines=false

Environment Variables:
PATH=D:/Fresher Soft/spring-tool-suite-4-4.23.1.RELEASE-e4.32.0-win32.win32.x86_64.self-extracting/contents/sts-4.23.1.RELEASE//plugins/org.eclipse.justj.openjdk.hotspot.jre.full.win32.x86_64_21.0.3.v20240426-1530/jre/bin/server;D:/Fresher Soft/spring-tool-suite-4-4.23.1.RELEASE-e4.32.0-win32.win32.x86_64.self-extracting/contents/sts-4.23.1.RELEASE//plugins/org.eclipse.justj.openjdk.hotspot.jre.full.win32.x86_64_21.0.3.v20240426-1530/jre/bin;C:\Program Files\Common Files\Oracle\Java\javapath;C:\Program Files (x86)\Common Files\Oracle\Java\javapath;C:\Windows\system32;C:\Windows;C:\Windows\System32\Wbem;C:\Windows\System32\WindowsPowerShell\v1.0\;C:\Windows\System32\OpenSSH\;C:\Program Files (x86)\Microsoft SQL Server\150\Tools\Binn\;C:\Program Files\Microsoft SQL Server\150\Tools\Binn\;C:\Program Files (x86)\Microsoft SQL Server\150\DTS\Binn\;C:\Program Files\Microsoft SQL Server\150\DTS\Binn\;C:\Program Files\Microsoft SQL Server\Client SDK\ODBC\170\Tools\Binn\;C:\Program Files\Azure Data Studio\bin;C:\Program Files\nodejs\;C:\Users\tausif.siddiqui\AppData\Local\Microsoft\WindowsApps;C:\Users\tausif.siddiqui\AppData\Local\Programs\Microsoft VS Code\bin;C:\Users\tausif.siddiqui\AppData\Roaming\npm;C:\Users\tausif.siddiqui\AppData\Local\Programs\Git\cmd;D:\Fresher Soft\spring-tool-suite-4-4.23.1.RELEASE-e4.32.0-win32.win32.x86_64.self-extracting\contents\sts-4.23.1.RELEASE;
USERNAME=tausif.siddiqui
OS=Windows_NT
PROCESSOR_IDENTIFIER=Intel64 Family 6 Model 140 Stepping 1, GenuineIntel
TMP=C:\Users\TAUSIF~1.SID\AppData\Local\Temp
TEMP=C:\Users\TAUSIF~1.SID\AppData\Local\Temp




Periodic native trim disabled

---------------  S Y S T E M  ---------------

OS:
 Windows 10 , 64 bit Build 19041 (10.0.19041.5198)
OS uptime: 0 days 0:39 hours

CPU: total 5 (initial active 5) (4 cores per cpu, 2 threads per core) family 6 model 140 stepping 1 microcode 0xb8, cx8, cmov, fxsr, ht, mmx, 3dnowpref, sse, sse2, sse3, ssse3, sse4.1, sse4.2, popcnt, lzcnt, tsc, tscinvbit, avx, avx2, aes, erms, clmul, bmi1, bmi2, adx, avx512f, avx512dq, avx512cd, avx512bw, avx512vl, sha, fma, vzeroupper, avx512_vpopcntdq, avx512_vpclmulqdq, avx512_vaes, avx512_vnni, clflush, clflushopt, clwb, avx512_vbmi2, avx512_vbmi, rdtscp, rdpid, fsrm, gfni, avx512_bitalg, f16c, pku, cet_ibt, cet_ss, avx512_ifma
Processor Information for all 5 processors :
  Max Mhz: 1382, Current Mhz: 1382, Mhz Limit: 1382

Memory: 4k page, system-wide physical 32510M (22008M free)
TotalPageFile size 37374M (AvailPageFile size 25870M)
current process WorkingSet (physical memory assigned to process): 327M, peak: 327M
current process commit charge ("private bytes"): 402M, peak: 622M

vm_info: OpenJDK 64-Bit Server VM (21.0.3+9-LTS) for windows-amd64 JRE (21.0.3+9-LTS), built on 2024-04-16T00:00:00Z by "admin" with MS VC++ 17.7 (VS2022)

END.
